<?xml version="1.0" encoding="utf-8"?><testsuites name="pytest tests"><testsuite name="pytest" errors="0" failures="0" skipped="0" tests="9" time="4.651" timestamp="2026-04-16T16:29:54.662626+00:00" hostname="agent-env-d79c2ac4-6519-427c-bfb8-83602f44dc13"><testcase classname="backend.tests.test_drawings_api.TestHealthEndpoints" name="test_root_endpoint_returns_message" time="0.267" /><testcase classname="backend.tests.test_drawings_api.TestHealthEndpoints" name="test_health_endpoint_returns_healthy" time="1.796" /><testcase classname="backend.tests.test_drawings_api.TestDrawingsCRUD" name="test_create_drawing" time="0.131" /><testcase classname="backend.tests.test_drawings_api.TestDrawingsCRUD" name="test_get_drawings_returns_list" time="0.151" /><testcase classname="backend.tests.test_drawings_api.TestDrawingsCRUD" name="test_create_and_verify_persistence" time="0.332" /><testcase classname="backend.tests.test_drawings_api.TestDrawingsCRUD" name="test_delete_drawing" time="0.417" /><testcase classname="backend.tests.test_drawings_api.TestDrawingsCRUD" name="test_delete_nonexistent_drawing" time="0.115" /><testcase classname="backend.tests.test_drawings_api.TestDrawingsCRUD" name="test_create_drawing_empty_title" time="0.246" /><testcase classname="backend.tests.test_drawings_api.TestDrawingsDataValidation" name="test_drawings_sorted_by_created_at" time="1.051" /></testsuite></testsuites>