<?xml version="1.0" encoding="utf-8"?><testsuites name="pytest tests"><testsuite name="pytest" errors="0" failures="0" skipped="0" tests="9" time="2.775" timestamp="2026-04-16T16:53:32.507176+00:00" hostname="agent-env-d79c2ac4-6519-427c-bfb8-83602f44dc13"><testcase classname="backend.tests.test_drawings_api.TestHealthEndpoints" name="test_root_endpoint_returns_message" time="0.172" /><testcase classname="backend.tests.test_drawings_api.TestHealthEndpoints" name="test_health_endpoint_returns_healthy" time="0.193" /><testcase classname="backend.tests.test_drawings_api.TestDrawingsCRUD" name="test_create_drawing" time="0.120" /><testcase classname="backend.tests.test_drawings_api.TestDrawingsCRUD" name="test_get_drawings_returns_list" time="0.180" /><testcase classname="backend.tests.test_drawings_api.TestDrawingsCRUD" name="test_create_and_verify_persistence" time="0.419" /><testcase classname="backend.tests.test_drawings_api.TestDrawingsCRUD" name="test_delete_drawing" time="0.337" /><testcase classname="backend.tests.test_drawings_api.TestDrawingsCRUD" name="test_delete_nonexistent_drawing" time="0.100" /><testcase classname="backend.tests.test_drawings_api.TestDrawingsCRUD" name="test_create_drawing_empty_title" time="0.276" /><testcase classname="backend.tests.test_drawings_api.TestDrawingsDataValidation" name="test_drawings_sorted_by_created_at" time="0.909" /></testsuite></testsuites>